<?xml version="1.0" encoding="UTF-8"?>
<!-- Generated by org.testng.reporters.JUnitReportReporter -->
<testsuite hostname="LAPTOP-3FF73V8C" failures="0" tests="1" name="com.Api.Httpclient.GetAllHeaders" time="1.654" errors="0" timestamp="22 Apr 2020 13:53:58 GMT">
  <testcase classname="com.Api.Httpclient.GetAllHeaders" name="getAllHeaders" time="1.654"/>
</testsuite> <!-- com.Api.Httpclient.GetAllHeaders -->
