<?xml version="1.0" encoding="UTF-8"?>
<!-- Generated by org.testng.reporters.JUnitReportReporter -->
<testsuite hostname="LAPTOP-3FF73V8C" failures="0" tests="1" name="com.Api.Httpclient.CreateAPIJson" time="0.019" errors="0" timestamp="19 May 2020 16:00:57 GMT">
  <testcase classname="com.Api.Httpclient.CreateAPIJson" name="createJson" time="0.019"/>
</testsuite> <!-- com.Api.Httpclient.CreateAPIJson -->
