<?xml version="1.0" encoding="UTF-8"?>
<!-- Generated by org.testng.reporters.JUnitReportReporter -->
<testsuite hostname="LAPTOP-3FF73V8C" failures="0" tests="1" name="com.Api.Httpclient.CreateApiPostMethod" time="1.277" errors="0" timestamp="13 May 2020 08:13:06 GMT">
  <testcase classname="com.Api.Httpclient.CreateApiPostMethod" name="createPost" time="1.277"/>
</testsuite> <!-- com.Api.Httpclient.CreateApiPostMethod -->
