<?xml version="1.0" encoding="UTF-8"?>
<!-- Generated by org.testng.reporters.JUnitReportReporter -->
<testsuite hostname="LAPTOP-3FF73V8C" failures="0" tests="1" name="com.Api.Httpclient.ValueGet" time="0.019" errors="0" timestamp="29 Apr 2020 09:03:59 GMT">
  <testcase classname="com.Api.Httpclient.ValueGet" name="StrResponse" time="0.019"/>
</testsuite> <!-- com.Api.Httpclient.ValueGet -->
