<?xml version="1.0" encoding="UTF-8"?>
<!-- Generated by org.testng.reporters.JUnitReportReporter -->
<testsuite hostname="LAPTOP-3FF73V8C" failures="0" tests="1" name="com.Api.Httpclient.CreateJson2" time="0.017" errors="0" timestamp="3 May 2020 15:11:09 GMT">
  <testcase classname="com.Api.Httpclient.CreateJson2" name="CreateJson" time="0.017"/>
</testsuite> <!-- com.Api.Httpclient.CreateJson2 -->
