<?xml version="1.0" encoding="UTF-8"?>
<!-- Generated by org.testng.reporters.JUnitReportReporter -->
<testsuite hostname="LAPTOP-3FF73V8C" failures="0" tests="1" name="com.Api.Httpclient.APIGetEmployee" time="1.597" errors="0" timestamp="28 Apr 2020 16:48:20 GMT">
  <testcase classname="com.Api.Httpclient.APIGetEmployee" name="testData" time="1.597"/>
</testsuite> <!-- com.Api.Httpclient.APIGetEmployee -->
