<?xml version="1.0" encoding="UTF-8"?>
<!-- Generated by org.testng.reporters.JUnitReportReporter -->
<testsuite hostname="LAPTOP-3FF73V8C" failures="0" tests="1" name="com.Api.Httpclient.GetMethodNotarray" time="2.146" errors="0" timestamp="27 Apr 2020 18:30:30 GMT">
  <testcase classname="com.Api.Httpclient.GetMethodNotarray" name="getMethod" time="2.146"/>
</testsuite> <!-- com.Api.Httpclient.GetMethodNotarray -->
