<?xml version="1.0" encoding="UTF-8"?>
<!-- Generated by org.testng.reporters.JUnitReportReporter -->
<testsuite hostname="LAPTOP-3FF73V8C" failures="0" tests="1" name="PostingtheData.PostDataUsingJson" time="1.251" errors="0" timestamp="22 May 2020 08:46:37 GMT">
  <testcase classname="PostingtheData.PostDataUsingJson" name="dataPost" time="1.251"/>
</testsuite> <!-- PostingtheData.PostDataUsingJson -->
