<?xml version="1.0" encoding="UTF-8"?>
<!-- Generated by org.testng.reporters.JUnitReportReporter -->
<testsuite hostname="LAPTOP-3FF73V8C" failures="0" tests="1" name="com.Api.Httpclient.CreateJsonByDemo" time="0.020" errors="0" timestamp="8 May 2020 15:30:00 GMT">
  <testcase classname="com.Api.Httpclient.CreateJsonByDemo" name="createDemoJson" time="0.020"/>
</testsuite> <!-- com.Api.Httpclient.CreateJsonByDemo -->
