<?xml version="1.0" encoding="UTF-8"?>
<!-- Generated by org.testng.reporters.JUnitReportReporter -->
<testsuite hostname="LAPTOP-3FF73V8C" failures="0" tests="1" name="com.Api.Httpclient.GetApiMethod" time="1.360" errors="0" timestamp="23 Apr 2020 13:18:09 GMT">
  <testcase classname="com.Api.Httpclient.GetApiMethod" name="getMethod" time="1.360"/>
</testsuite> <!-- com.Api.Httpclient.GetApiMethod -->
