<?xml version="1.0" encoding="UTF-8"?>
<!-- Generated by org.testng.reporters.JUnitReportReporter -->
<testsuite hostname="LAPTOP-3FF73V8C" failures="0" tests="1" name="com.Api.Httpclient.JsonGetCall" time="0.042" errors="0" timestamp="13 May 2020 08:54:06 GMT">
  <testcase classname="com.Api.Httpclient.JsonGetCall" name="m1" time="0.042"/>
</testsuite> <!-- com.Api.Httpclient.JsonGetCall -->
