<?xml version="1.0" encoding="UTF-8"?>
<!-- Generated by org.testng.reporters.JUnitReportReporter -->
<testsuite hostname="LAPTOP-3FF73V8C" failures="0" tests="1" name="com.Api.Httpclient.CreateJsonOwn" time="0.030" errors="0" timestamp="3 May 2020 14:25:35 GMT">
  <testcase classname="com.Api.Httpclient.CreateJsonOwn" name="mainJson" time="0.030"/>
</testsuite> <!-- com.Api.Httpclient.CreateJsonOwn -->
