<?xml version="1.0" encoding="UTF-8"?>
<!-- Generated by org.testng.reporters.JUnitReportReporter -->
<testsuite hostname="LAPTOP-3FF73V8C" failures="0" tests="1" name="com.Api.Httpclient.JsonInsideJsonPractise" time="0.023" errors="0" timestamp="24 Apr 2020 08:17:49 GMT">
  <testcase classname="com.Api.Httpclient.JsonInsideJsonPractise" name="insideJson" time="0.023"/>
</testsuite> <!-- com.Api.Httpclient.JsonInsideJsonPractise -->
