<?xml version="1.0" encoding="UTF-8"?>
<!-- Generated by org.testng.reporters.JUnitReportReporter -->
<testsuite hostname="LAPTOP-3FF73V8C" failures="0" tests="1" name="OwnData.Owndatagetdata" time="0.018" errors="0" timestamp="19 May 2020 16:10:28 GMT">
  <testcase classname="OwnData.Owndatagetdata" name="testData" time="0.018"/>
</testsuite> <!-- OwnData.Owndatagetdata -->
