<?xml version="1.0" encoding="UTF-8"?>
<!-- Generated by org.testng.reporters.JUnitReportReporter -->
<testsuite hostname="LAPTOP-3FF73V8C" failures="0" tests="1" name="com.Api.Httpclient.GetUsingHTTPGet" time="1.601" errors="0" timestamp="22 Apr 2020 11:34:32 GMT">
  <testcase classname="com.Api.Httpclient.GetUsingHTTPGet" name="UsingGetMethod" time="1.601"/>
</testsuite> <!-- com.Api.Httpclient.GetUsingHTTPGet -->
