<?xml version="1.0" encoding="UTF-8"?>
<!-- Generated by org.testng.reporters.JUnitReportReporter -->
<testsuite hostname="LAPTOP-3FF73V8C" failures="0" tests="1" name="com.Api.Httpclient.JsonInsideJson" time="0.016" errors="0" timestamp="24 Apr 2020 07:23:14 GMT">
  <testcase classname="com.Api.Httpclient.JsonInsideJson" name="jsonInsideJson" time="0.016"/>
</testsuite> <!-- com.Api.Httpclient.JsonInsideJson -->
