<?xml version="1.0" encoding="UTF-8"?>
<!-- Generated by org.testng.reporters.JUnitReportReporter -->
<testsuite hostname="LAPTOP-3FF73V8C" failures="0" tests="1" name="com.Api.Httpclient.GetMethodPractiseOwn" time="1.484" errors="0" timestamp="26 Apr 2020 17:47:14 GMT">
  <testcase classname="com.Api.Httpclient.GetMethodPractiseOwn" name="getMethod" time="1.484"/>
</testsuite> <!-- com.Api.Httpclient.GetMethodPractiseOwn -->
