<?xml version="1.0" encoding="UTF-8"?>
<!-- Generated by org.testng.reporters.JUnitReportReporter -->
<testsuite hostname="LAPTOP-3FF73V8C" failures="0" tests="1" name="com.Api.Httpclient.CreateJsonGreekForGreek" time="0.053" errors="0" timestamp="3 May 2020 06:20:06 GMT">
  <testcase classname="com.Api.Httpclient.CreateJsonGreekForGreek" name="createJson" time="0.053"/>
</testsuite> <!-- com.Api.Httpclient.CreateJsonGreekForGreek -->
