<?xml version="1.0" encoding="UTF-8"?>
<!-- Generated by org.testng.reporters.JUnitReportReporter -->
<testsuite hostname="LAPTOP-3FF73V8C" failures="0" tests="1" name="com.Api.Httpclient.GetMethodUser" time="4.731" errors="0" timestamp="28 Apr 2020 08:27:49 GMT">
  <testcase classname="com.Api.Httpclient.GetMethodUser" name="m1" time="4.731"/>
</testsuite> <!-- com.Api.Httpclient.GetMethodUser -->
