<?xml version="1.0" encoding="UTF-8"?>
<!-- Generated by org.testng.reporters.JUnitReportReporter -->
<testsuite hostname="LAPTOP-3FF73V8C" failures="0" tests="1" name="com.Api.Httpclient.PostMethodExample" time="2.469" errors="0" timestamp="25 Apr 2020 14:15:44 GMT">
  <testcase classname="com.Api.Httpclient.PostMethodExample" name="postExample" time="2.469"/>
</testsuite> <!-- com.Api.Httpclient.PostMethodExample -->
